build/app/outputs/mapping/release/seeds.txt
com.example.quiz_app_ii_example.MainActivity: MainActivity()
com.example.quiz_app_ii_example.MainActivity
...
com.google.android.gms.internal.firebase-auth-api.zzmw: android.os.Parcelable$Creator CREATOR
io.flutter.embedding.engine.FlutterJNI: void setDeferredComponentManager(io.flutter.embedding.engine.deferredcomponents.DeferredComponentManager)
com.google.android.gms.internal.measurement.zzcb: com.google.android.gms.internal.measurement.zzcc asInterface(android.os.IBinder)
io.flutter.plugin.editing.TextInputPlugin$InputTarget$Type: io.flutter.plugin.editing.TextInputPlugin$InputTarget$Type[] values()
com.google.android.gms.measurement.AppMeasurement: void logEventInternal(java.lang.String,java.lang.String,android.os.Bundle)
com.google.android.gms.internal.firebase-auth-api.zzgg: com.google.android.gms.internal.firebase-auth-api.zzyu zzf
com.google.firestore.v1.DocumentRemove: com.google.protobuf.Internal$IntList removedTargetIds_
com.google.firebase.components.ComponentDiscoveryService: ComponentDiscoveryService()
androidx.lifecycle.LiveData$LifecycleBoundObserver
com.google.android.gms.internal.firebase-auth-api.zzfu: com.google.android.gms.internal.firebase-auth-api.zzyu zzf
com.google.android.gms.internal.firebase-auth-api.zzxu: android.os.Parcelable$Creator CREATOR
io.flutter.plugin.editing.ImeSyncDeferringInsetsCallback$AnimationCallback: android.view.WindowInsets onProgress(android.view.WindowInsets,java.util.List)
io.flutter.embedding.engine.FlutterJNI: void dispatchSemanticsAction(int,io.flutter.view.AccessibilityBridge$Action)
io.flutter.embedding.engine.FlutterJNI: io.flutter.embedding.engine.FlutterJNI spawn(java.lang.String,java.lang.String)
com.google.firestore.v1.Cursor: int VALUES_FIELD_NUMBER
com.google.android.gms.internal.measurement.zzel: com.google.android.gms.internal.measurement.zzeq zzf
com.google.android.gms.internal.measurement.zzfw: long zzN
com.google.firestore.v1.Precondition: int UPDATE_TIME_FIELD_NUMBER
com.google.protobuf.AbstractMessageLite: int memoizedHashCode
com.google.android.gms.internal.measurement.zzfw: int zzC
com.google.android.gms.internal.measurement.zzfw: com.google.android.gms.internal.measurement.zzkk zzh
com.google.android.gms.common.internal.ReflectedParcelable
com.google.firebase.firestore.FirebaseFirestoreException$Code: com.google.firebase.firestore.FirebaseFirestoreException$Code valueOf(java.lang.String)
com.google.android.gms.internal.measurement.zzej: boolean zzk
com.google.firestore.v1.StructuredQuery: com.google.firestore.v1.StructuredQuery$Filter where_
com.google.android.gms.internal.measurement.zzfq: int zza
io.grpc.okhttp.OkHttpChannelBuilder: io.grpc.okhttp.OkHttpChannelBuilder scheduledExecutorService(java.util.concurrent.ScheduledExecutorService)
io.flutter.embedding.engine.FlutterJNI: void nativeRegisterTexture(long,long,io.flutter.embedding.engine.renderer.SurfaceTextureWrapper)
com.google.android.gms.measurement.AppMeasurement$ConditionalUserProperty: long mTimeToLive
io.flutter.embedding.engine.FlutterJNI: void dispatchPointerDataPacket(java.nio.ByteBuffer,int)
com.google.android.gms.measurement.internal.AppMeasurementDynamiteService: void setSessionTimeoutDuration(long)
io.grpc.okhttp.NegotiationType: io.grpc.okhttp.NegotiationType[] values()
io.grpc.Status$Code: io.grpc.Status$Code valueOf(java.lang.String)
com.google.firebase.firestore.proto.WriteBatch: int batchId_
com.google.firestore.v1.CommitResponse: com.google.firestore.v1.CommitResponse DEFAULT_INSTANCE
com.google.android.gms.measurement.AppMeasurement: java.util.List getConditionalUserProperties(java.lang.String,java.lang.String)
com.google.firestore.v1.DocumentTransform: java.lang.String document_
io.flutter.view.AccessibilityViewEmbedder: java.util.Map originToFlutterId
io.flutter.view.AccessibilityViewEmbedder: boolean onAccessibilityHoverEvent(int,android.view.MotionEvent)
com.google.android.gms.measurement.AppMeasurement$ConditionalUserProperty: java.lang.Object mValue