build/app/outputs/mapping/release/mapping.txt
# compiler: R8
# compiler_version: 2.1.62
# min_api: 21
# pg_map_id: e5a90c6
# common_typos_disable
...
androidx.localbroadcastmanager.content.LocalBroadcastManager -> a.g.a.a:
    android.content.Context mAppContext -> a
    android.os.Handler mHandler -> e
    androidx.localbroadcastmanager.content.LocalBroadcastManager mInstance -> g
    java.lang.Object mLock -> f
    java.util.HashMap mReceivers -> b
    java.util.ArrayList mPendingBroadcasts -> d
    java.util.HashMap mActions -> c
    void executePendingBroadcasts() -> a
    androidx.localbroadcastmanager.content.LocalBroadcastManager getInstance(android.content.Context) -> b
    void registerReceiver(android.content.BroadcastReceiver,android.content.IntentFilter) -> c
    boolean sendBroadcast(android.content.Intent) -> d
    void unregisterReceiver(android.content.BroadcastReceiver) -> e
androidx.localbroadcastmanager.content.LocalBroadcastManager$1 -> a.g.a.a$a:
    androidx.localbroadcastmanager.content.LocalBroadcastManager this$0 -> a
androidx.localbroadcastmanager.content.LocalBroadcastManager$BroadcastRecord -> a.g.a.a$b:
    android.content.Intent intent -> a
    java.util.ArrayList receivers -> b
androidx.localbroadcastmanager.content.LocalBroadcastManager$ReceiverRecord -> a.g.a.a$c:
    android.content.IntentFilter filter -> a
    android.content.BroadcastReceiver receiver -> b
    boolean broadcasting -> c
    boolean dead -> d
androidx.savedstate.Recreator -> androidx.savedstate.Recreator:
    androidx.savedstate.SavedStateRegistryOwner mOwner -> a
    void onStateChanged(androidx.lifecycle.LifecycleOwner,androidx.lifecycle.Lifecycle$Event) -> d
    void reflectiveNew(java.lang.String) -> h
androidx.savedstate.SavedStateRegistry -> androidx.savedstate.SavedStateRegistry:
    android.os.Bundle mRestoredState -> b
    androidx.arch.core.internal.SafeIterableMap mComponents -> a
    boolean mRestored -> c
    boolean mAllowingSavingState -> d
    android.os.Bundle consumeRestoredStateForKey(java.lang.String) -> a
    void performRestore(androidx.lifecycle.Lifecycle,android.os.Bundle) -> b
    void performSave(android.os.Bundle) -> c
androidx.savedstate.SavedStateRegistry$1 -> androidx.savedstate.SavedStateRegistry$1:
    androidx.savedstate.SavedStateRegistry this$0 -> a
    void onStateChanged(androidx.lifecycle.LifecycleOwner,androidx.lifecycle.Lifecycle$Event) -> d
androidx.savedstate.SavedStateRegistry$AutoRecreated -> androidx.savedstate.SavedStateRegistry$a:
    void onRecreated(androidx.savedstate.SavedStateRegistryOwner) -> a
androidx.savedstate.SavedStateRegistry$SavedStateProvider -> androidx.savedstate.SavedStateRegistry$b:
    android.os.Bundle saveState() -> a
androidx.savedstate.SavedStateRegistryController -> androidx.savedstate.a:
    androidx.savedstate.SavedStateRegistryOwner mOwner -> a
    androidx.savedstate.SavedStateRegistry mRegistry -> b
    androidx.savedstate.SavedStateRegistryController create(androidx.savedstate.SavedStateRegistryOwner) -> a
    androidx.savedstate.SavedStateRegistry getSavedStateRegistry() -> b
    void performRestore(android.os.Bundle) -> c
    void performSave(android.os.Bundle) -> d
androidx.savedstate.SavedStateRegistryOwner -> androidx.savedstate.b:
    androidx.savedstate.SavedStateRegistry getSavedStateRegistry() -> j
androidx.versionedparcelable.ParcelImpl -> androidx.versionedparcelable.ParcelImpl:
    androidx.versionedparcelable.VersionedParcelable mParcel -> k
androidx.versionedparcelable.ParcelImpl$1 -> androidx.versionedparcelable.ParcelImpl$a:
    androidx.versionedparcelable.ParcelImpl createFromParcel(android.os.Parcel) -> a
    androidx.versionedparcelable.ParcelImpl[] newArray(int) -> b