build/app/outputs/mapping/release/usage.txt
com.example.quiz_app_ii_example.BuildConfig
com.example.quiz_app_ii_example.R$styleable
com.example.quiz_app_ii_example.R$style
com.example.quiz_app_ii_example.R$drawable
com.example.quiz_app_ii_example.R$mipmap
com.example.quiz_app_ii_example.R$id
com.example.quiz_app_ii_example.R$attr
com.example.quiz_app_ii_example.R$layout
com.example.quiz_app_ii_example.R$string
com.example.quiz_app_ii_example.R$dimen
com.example.quiz_app_ii_example.R
com.example.quiz_app_ii_example.R$color
com.example.quiz_app_ii_example.R$integer
...
com.google.firebase.auth.internal.zzbf:
    private void <init>()
com.google.protobuf.FieldInfo:
    public java.lang.reflect.Field getField()
    public com.google.protobuf.OneofInfo getOneof()
    public com.google.protobuf.Internal$EnumVerifier getEnumVerifier()
    public java.lang.reflect.Field getPresenceField()
    public java.lang.Object getMapDefaultEntry()
    public int getPresenceMask()
    public boolean isRequired()
    public boolean isEnforceUtf8()
    public java.lang.reflect.Field getCachedSizeField()
    public java.lang.Class getMessageFieldClass()
io.grpc.internal.AtomicBackoff$State:
    static final synthetic boolean $assertionsDisabled
com.google.android.gms.internal.measurement.zzpp:
    public static final com.google.android.gms.internal.measurement.zzht zzb
com.google.android.gms.internal.measurement.zzep:
    private static final com.google.android.gms.internal.measurement.zzkg zzf
io.flutter.embedding.engine.loader.FlutterApplicationInfo:
    public final java.lang.String vmSnapshotData
    public final java.lang.String isolateSnapshotData
    public final boolean clearTextPermitted
com.google.firebase.auth.FirebaseAuthUserCollisionException:
    private java.lang.String zzc
com.google.android.gms.common.api.Api:
    private final com.google.android.gms.common.api.Api$zaa zaax
    private final com.google.android.gms.common.api.Api$zab zaaz
com.google.firebase.firestore.util.AsyncQueue$SynchronizedShutdownAwareExecutor$1:
    final synthetic com.google.firebase.firestore.util.AsyncQueue val$this$0
com.google.android.gms.common.util.AndroidUtilsLight:
    private static volatile int zzgu
com.google.android.gms.common.api.Api$zaa
com.google.android.gms.internal.ads_identifier.zzc:
    private static final java.lang.ClassLoader zzd
com.google.android.gms.internal.common.zzk
androidx.core.content.ContextCompat:
    private static final java.lang.Object sLock
com.google.android.gms.internal.measurement.zzkq:
    private static final com.google.android.gms.internal.measurement.zzjp zzb
com.google.android.gms.internal.firebase-auth-api.zzxh:
    private java.lang.String zzc
    private java.lang.Boolean zzd
    private java.lang.String zze
    private java.lang.String zzf
com.google.android.gms.dynamite.zze
androidx.lifecycle.LiveData:
    public java.lang.Object getValue()
    public boolean hasActiveObservers()
    private final java.lang.Runnable mPostValueRunnable
com.google.android.gms.dynamite.zzf
com.google.android.gms.internal.firebase-auth-api.zzbh:
    private final com.google.android.gms.internal.firebase-auth-api.zzbi zza
io.grpc.Context:
    final io.grpc.PersistentHashArrayMappedTrie keyValueEntries
com.google.protobuf.UninitializedMessageException:
    private final java.util.List missingFields
com.google.android.gms.internal.firebase-auth-api.zzck:
    final synthetic com.google.android.gms.internal.firebase-auth-api.zzcl zza
io.flutter.plugin.platform.VirtualDisplayController$1:
    final synthetic io.flutter.plugin.platform.VirtualDisplayController this$0
okio.Base64:
    private static final byte[] URL_MAP
com.google.android.gms.measurement.internal.zzeu:
    static final java.lang.String zza
com.google.firebase.auth.internal.zzaw:
    final synthetic com.google.firebase.auth.internal.zzax zza
io.grpc.InternalChannelz$OtherSecurity
com.google.android.gms.common.GooglePlayServicesNotAvailableException:
    public final int errorCode
com.google.protobuf.NullValue$1
com.google.firestore.v1.DocumentTransform$FieldTransform$ServerValue$1
com.google.android.gms.internal.measurement.zzen
com.google.android.gms.internal.firebase-auth-api.zzhk
io.grpc.okhttp.OkHttpChannelBuilder:
    private final boolean useGetForSafeMethods
com.google.android.gms.internal.measurement.zznh:
    public static final com.google.android.gms.internal.measurement.zzht zzc
com.google.android.gms.internal.measurement.zzkp